<?xml version="1.0" encoding="UTF-8"?>
<testsuite xmlns:xsi="http://www.w3.org/2001/XMLSchema-instance" xsi:noNamespaceSchemaLocation="https://maven.apache.org/surefire/maven-surefire-plugin/xsd/surefire-test-report.xsd" name="TestSuite" time="26.608" tests="39" errors="0" skipped="8" failures="16">
  <properties>
[...]
</properties>
  <testcase name="checkContentEncoding" classname="com.employeeapi.testCases.TC001_Get_All_Employees" time="0.014"/>
  <testcase name="checkContentLength" classname="com.employeeapi.testCases.TC001_Get_All_Employees" time="0.001"/>
  <testcase name="checkContentType" classname="com.employeeapi.testCases.TC001_Get_All_Employees" time="0.002"/>
  <testcase name="checkCookies" classname="com.employeeapi.testCases.TC001_Get_All_Employees" time="0.001"/>
  <testcase name="checkResponseBody" classname="com.employeeapi.testCases.TC001_Get_All_Employees" time="0.031"/>
  <testcase name="checkResponseTime" classname="com.employeeapi.testCases.TC001_Get_All_Employees" time="0.009"/>
  <testcase name="checkServerType" classname="com.employeeapi.testCases.TC001_Get_All_Employees" time="0.001"/>
  <testcase name="checkStatusCode" classname="com.employeeapi.testCases.TC001_Get_All_Employees" time="0.001"/>
  <testcase name="checkStatusLine" classname="com.employeeapi.testCases.TC001_Get_All_Employees" time="0.002"/>
  <testcase name="checkContentLength" classname="com.employeeapi.testCases.TC002_Get_Single_Employee_Record" time="0.056">
    <failure message="expected [true] but found [false]" type="java.lang.AssertionError">java.lang.AssertionError: expected [true] but found [false]
	at com.employeeapi.testCases.TC002_Get_Single_Employee_Record.checkContentLength(TC002_Get_Single_Employee_Record.java:95)
</failure>
    <system-out><![CDATA[2023-04-28 10:25:30  INFO EmployeesRestAPI:113 - ************* Finished TC001_Get_All_Employees ************
2023-04-28 10:25:30  INFO EmployeesRestAPI:22 - ************* Started TC002_Get_Single_Employee_Record ************
2023-04-28 10:25:36  INFO EmployeesRestAPI:89 - ************* Checking Content Length ************
2023-04-28 10:25:36  INFO EmployeesRestAPI:91 - Content Length is ==>595
]]></system-out>
  </testcase>
  <testcase name="checkContentType" classname="com.employeeapi.testCases.TC002_Get_Single_Employee_Record" time="0.003">
    <failure message="expected [application/json] but found [text/html; charset=UTF-8]" type="java.lang.AssertionError">java.lang.AssertionError: expected [application/json] but found [text/html; charset=UTF-8]
	at com.employeeapi.testCases.TC002_Get_Single_Employee_Record.checkContentType(TC002_Get_Single_Employee_Record.java:75)
</failure>
    <system-out><![CDATA[2023-04-28 10:25:36  INFO EmployeesRestAPI:71 - ************* Checking Content Type ************
2023-04-28 10:25:36  INFO EmployeesRestAPI:74 - Content Type is ==>text/html; charset=UTF-8
]]></system-out>
  </testcase>
  <testcase name="checkResponseBody" classname="com.employeeapi.testCases.TC002_Get_Single_Employee_Record" time="0.023">
    <failure message="expected [true] but found [false]" type="java.lang.AssertionError">java.lang.AssertionError: expected [true] but found [false]
	at com.employeeapi.testCases.TC002_Get_Single_Employee_Record.checkResponseBody(TC002_Get_Single_Employee_Record.java:36)
</failure>
    <system-out><![CDATA[2023-04-28 10:25:36  INFO EmployeesRestAPI:32 - ************* Checking Response Body ************
2023-04-28 10:25:36  INFO EmployeesRestAPI:35 - Response Body==><!DOCTYPE html>
<html lang="en">
    <head>
        <meta charset="utf-8">
        <meta name="viewport" content="width=device-width, initial-scale=1">

        <title>Too Many Requests</title>

        <!-- Fonts -->
        <link rel="dns-prefetch" href="//fonts.gstatic.com">
        <link href="https://fonts.googleapis.com/css?family=Nunito" rel="stylesheet">

        <!-- Styles -->
        <style>
            html, body {
                background-color: #fff;
                color: #636b6f;
                font-family: 'Nunito', sans-serif;
                font-weight: 100;
                height: 100vh;
                margin: 0;
            }

            .full-height {
                height: 100vh;
            }

            .flex-center {
                align-items: center;
                display: flex;
                justify-content: center;
            }

            .position-ref {
                position: relative;
            }

            .code {
                border-right: 2px solid;
                font-size: 26px;
                padding: 0 15px 0 15px;
                text-align: center;
            }

            .message {
                font-size: 18px;
                text-align: center;
            }
        </style>
    </head>
    <body>
        <div class="flex-center position-ref full-height">
            <div class="code">
                429            </div>

            <div class="message" style="padding: 10px;">
                Too Many Requests            </div>
        </div>
    </body>
</html>

]]></system-out>
  </testcase>
  <testcase name="checkResponseTime" classname="com.employeeapi.testCases.TC002_Get_Single_Employee_Record" time="0.001"/>
  <testcase name="checkServerType" classname="com.employeeapi.testCases.TC002_Get_Single_Employee_Record" time="0"/>
  <testcase name="checkStatusCode" classname="com.employeeapi.testCases.TC002_Get_Single_Employee_Record" time="0">
    <failure message="expected [200] but found [429]" type="java.lang.AssertionError">java.lang.AssertionError: expected [200] but found [429]
	at com.employeeapi.testCases.TC002_Get_Single_Employee_Record.checkStatusCode(TC002_Get_Single_Employee_Record.java:45)
</failure>
    <system-out><![CDATA[2023-04-28 10:25:36  INFO EmployeesRestAPI:41 - ************* Checking Status Code ************
2023-04-28 10:25:36  INFO EmployeesRestAPI:44 - Status Code is ==>429
]]></system-out>
  </testcase>
  <testcase name="checkStatusLine" classname="com.employeeapi.testCases.TC002_Get_Single_Employee_Record" time="0.005">
    <failure message="expected [HTTP/1.1 200 OK] but found [HTTP/1.1 429 Too Many Requests]" type="java.lang.AssertionError">java.lang.AssertionError: expected [HTTP/1.1 200 OK] but found [HTTP/1.1 429 Too Many Requests]
	at com.employeeapi.testCases.TC002_Get_Single_Employee_Record.checkStatusLine(TC002_Get_Single_Employee_Record.java:66)
</failure>
    <system-out><![CDATA[2023-04-28 10:25:36  INFO EmployeesRestAPI:63 - ************* Checking Status Line ************
2023-04-28 10:25:36  INFO EmployeesRestAPI:65 - Status Line is ==>HTTP/1.1 429 Too Many Requests
]]></system-out>
  </testcase>
  <testcase name="checkContentLength" classname="com.employeeapi.testCases.TC003_Post_Employee_Record" time="0.007">
    <failure message="expected [true] but found [false]" type="java.lang.AssertionError">java.lang.AssertionError: expected [true] but found [false]
	at com.employeeapi.testCases.TC003_Post_Employee_Record.checkContentLength(TC003_Post_Employee_Record.java:113)
</failure>
    <system-out><![CDATA[2023-04-28 10:25:36  INFO EmployeesRestAPI:100 - ************* Finished TC002_Get_Single_Employee_Record ************
2023-04-28 10:25:36  INFO EmployeesRestAPI:28 - ************* Started TC003_Post_Employee_Record ************
2023-04-28 10:25:41  INFO EmployeesRestAPI:107 - ************* Checking Content Length ************
2023-04-28 10:25:41  INFO EmployeesRestAPI:109 - Content Length is ==>595
]]></system-out>
  </testcase>
  <testcase name="checkContentType" classname="com.employeeapi.testCases.TC003_Post_Employee_Record" time="0.002">
    <failure message="expected [application/json] but found [text/html; charset=UTF-8]" type="java.lang.AssertionError">java.lang.AssertionError: expected [application/json] but found [text/html; charset=UTF-8]
	at com.employeeapi.testCases.TC003_Post_Employee_Record.checkContentType(TC003_Post_Employee_Record.java:93)
</failure>
    <system-out><![CDATA[2023-04-28 10:25:41  INFO EmployeesRestAPI:89 - ************* Checking Content Type ************
2023-04-28 10:25:41  INFO EmployeesRestAPI:92 - Content Type is ==>text/html; charset=UTF-8
]]></system-out>
  </testcase>
  <testcase name="checkResponseBody" classname="com.employeeapi.testCases.TC003_Post_Employee_Record" time="0.009">
    <failure message="expected [true] but found [false]" type="java.lang.AssertionError">java.lang.AssertionError: expected [true] but found [false]
	at com.employeeapi.testCases.TC003_Post_Employee_Record.checkResponseBody(TC003_Post_Employee_Record.java:52)
</failure>
    <system-out><![CDATA[2023-04-28 10:25:41  INFO EmployeesRestAPI:48 - ************* Checking Response Body ************
2023-04-28 10:25:41  INFO EmployeesRestAPI:51 - Response Body==><!DOCTYPE html>
<html lang="en">
    <head>
        <meta charset="utf-8">
        <meta name="viewport" content="width=device-width, initial-scale=1">

        <title>Too Many Requests</title>

        <!-- Fonts -->
        <link rel="dns-prefetch" href="//fonts.gstatic.com">
        <link href="https://fonts.googleapis.com/css?family=Nunito" rel="stylesheet">

        <!-- Styles -->
        <style>
            html, body {
                background-color: #fff;
                color: #636b6f;
                font-family: 'Nunito', sans-serif;
                font-weight: 100;
                height: 100vh;
                margin: 0;
            }

            .full-height {
                height: 100vh;
            }

            .flex-center {
                align-items: center;
                display: flex;
                justify-content: center;
            }

            .position-ref {
                position: relative;
            }

            .code {
                border-right: 2px solid;
                font-size: 26px;
                padding: 0 15px 0 15px;
                text-align: center;
            }

            .message {
                font-size: 18px;
                text-align: center;
            }
        </style>
    </head>
    <body>
        <div class="flex-center position-ref full-height">
            <div class="code">
                429            </div>

            <div class="message" style="padding: 10px;">
                Too Many Requests            </div>
        </div>
    </body>
</html>

]]></system-out>
  </testcase>
  <testcase name="checkResponseTime" classname="com.employeeapi.testCases.TC003_Post_Employee_Record" time="0.002"/>
  <testcase name="checkServerType" classname="com.employeeapi.testCases.TC003_Post_Employee_Record" time="0.001"/>
  <testcase name="checkStatusCode" classname="com.employeeapi.testCases.TC003_Post_Employee_Record" time="0">
    <failure message="expected [200] but found [429]" type="java.lang.AssertionError">java.lang.AssertionError: expected [200] but found [429]
	at com.employeeapi.testCases.TC003_Post_Employee_Record.checkStatusCode(TC003_Post_Employee_Record.java:63)
</failure>
    <system-out><![CDATA[2023-04-28 10:25:41  INFO EmployeesRestAPI:59 - ************* Checking Status Code ************
2023-04-28 10:25:41  INFO EmployeesRestAPI:62 - Status Code is ==>429
]]></system-out>
  </testcase>
  <testcase name="checkStatusLine" classname="com.employeeapi.testCases.TC003_Post_Employee_Record" time="0.002">
    <failure message="expected [HTTP/1.1 200 OK] but found [HTTP/1.1 429 Too Many Requests]" type="java.lang.AssertionError">java.lang.AssertionError: expected [HTTP/1.1 200 OK] but found [HTTP/1.1 429 Too Many Requests]
	at com.employeeapi.testCases.TC003_Post_Employee_Record.checkStatusLine(TC003_Post_Employee_Record.java:84)
</failure>
    <system-out><![CDATA[2023-04-28 10:25:41  INFO EmployeesRestAPI:81 - ************* Checking Status Line ************
2023-04-28 10:25:41  INFO EmployeesRestAPI:83 - Status Line is ==>HTTP/1.1 429 Too Many Requests
]]></system-out>
  </testcase>
  <testcase name="checkContentLength" classname="com.employeeapi.testCases.TC004_Put_Employee_Record" time="0.003">
    <failure message="expected [true] but found [false]" type="java.lang.AssertionError">java.lang.AssertionError: expected [true] but found [false]
	at com.employeeapi.testCases.TC004_Put_Employee_Record.checkContentLength(TC004_Put_Employee_Record.java:113)
</failure>
    <system-out><![CDATA[2023-04-28 10:25:41  INFO EmployeesRestAPI:118 - ************* Finished TC003_Post_Employee_Record ************
2023-04-28 10:25:41  INFO EmployeesRestAPI:28 - ************* Started TC004_Put_Employee_Record ************
2023-04-28 10:25:47  INFO EmployeesRestAPI:107 - ************* Checking Content Length ************
2023-04-28 10:25:47  INFO EmployeesRestAPI:109 - Content Length is ==>595
]]></system-out>
  </testcase>
  <testcase name="checkContentType" classname="com.employeeapi.testCases.TC004_Put_Employee_Record" time="0.004">
    <failure message="expected [application/json] but found [text/html; charset=UTF-8]" type="java.lang.AssertionError">java.lang.AssertionError: expected [application/json] but found [text/html; charset=UTF-8]
	at com.employeeapi.testCases.TC004_Put_Employee_Record.checkContentType(TC004_Put_Employee_Record.java:93)
</failure>
    <system-out><![CDATA[2023-04-28 10:25:47  INFO EmployeesRestAPI:89 - ************* Checking Content Type ************
2023-04-28 10:25:47  INFO EmployeesRestAPI:92 - Content Type is ==>text/html; charset=UTF-8
]]></system-out>
  </testcase>
  <testcase name="checkResponseBody" classname="com.employeeapi.testCases.TC004_Put_Employee_Record" time="0.003">
    <failure message="expected [true] but found [false]" type="java.lang.AssertionError">java.lang.AssertionError: expected [true] but found [false]
	at com.employeeapi.testCases.TC004_Put_Employee_Record.checkResponseBody(TC004_Put_Employee_Record.java:52)
</failure>
    <system-out><![CDATA[2023-04-28 10:25:47  INFO EmployeesRestAPI:48 - ************* Checking Response Body ************
2023-04-28 10:25:47  INFO EmployeesRestAPI:51 - Response Body==><!DOCTYPE html>
<html lang="en">
    <head>
        <meta charset="utf-8">
        <meta name="viewport" content="width=device-width, initial-scale=1">

        <title>Too Many Requests</title>

        <!-- Fonts -->
        <link rel="dns-prefetch" href="//fonts.gstatic.com">
        <link href="https://fonts.googleapis.com/css?family=Nunito" rel="stylesheet">

        <!-- Styles -->
        <style>
            html, body {
                background-color: #fff;
                color: #636b6f;
                font-family: 'Nunito', sans-serif;
                font-weight: 100;
                height: 100vh;
                margin: 0;
            }

            .full-height {
                height: 100vh;
            }

            .flex-center {
                align-items: center;
                display: flex;
                justify-content: center;
            }

            .position-ref {
                position: relative;
            }

            .code {
                border-right: 2px solid;
                font-size: 26px;
                padding: 0 15px 0 15px;
                text-align: center;
            }

            .message {
                font-size: 18px;
                text-align: center;
            }
        </style>
    </head>
    <body>
        <div class="flex-center position-ref full-height">
            <div class="code">
                429            </div>

            <div class="message" style="padding: 10px;">
                Too Many Requests            </div>
        </div>
    </body>
</html>

]]></system-out>
  </testcase>
  <testcase name="checkResponseTime" classname="com.employeeapi.testCases.TC004_Put_Employee_Record" time="0.006"/>
  <testcase name="checkServerType" classname="com.employeeapi.testCases.TC004_Put_Employee_Record" time="0.001"/>
  <testcase name="checkStatusCode" classname="com.employeeapi.testCases.TC004_Put_Employee_Record" time="0.002">
    <failure message="expected [200] but found [429]" type="java.lang.AssertionError">java.lang.AssertionError: expected [200] but found [429]
	at com.employeeapi.testCases.TC004_Put_Employee_Record.checkStatusCode(TC004_Put_Employee_Record.java:63)
</failure>
    <system-out><![CDATA[2023-04-28 10:25:47  INFO EmployeesRestAPI:59 - ************* Checking Status Code ************
2023-04-28 10:25:47  INFO EmployeesRestAPI:62 - Status Code is ==>429
]]></system-out>
  </testcase>
  <testcase name="checkStatusLine" classname="com.employeeapi.testCases.TC004_Put_Employee_Record" time="0.002">
    <failure message="expected [HTTP/1.1 200 OK] but found [HTTP/1.1 429 Too Many Requests]" type="java.lang.AssertionError">java.lang.AssertionError: expected [HTTP/1.1 200 OK] but found [HTTP/1.1 429 Too Many Requests]
	at com.employeeapi.testCases.TC004_Put_Employee_Record.checkStatusLine(TC004_Put_Employee_Record.java:84)
</failure>
    <system-out><![CDATA[2023-04-28 10:25:47  INFO EmployeesRestAPI:81 - ************* Checking Status Line ************
2023-04-28 10:25:47  INFO EmployeesRestAPI:83 - Status Line is ==>HTTP/1.1 429 Too Many Requests
]]></system-out>
  </testcase>
  <testcase name="deleteEmploye" classname="com.employeeapi.testCases.TC005_Delete_Employee_Record" time="0.564">
    <failure message="Failed to parse the JSON document" type="io.restassured.path.json.exception.JsonPathException"><![CDATA[io.restassured.path.json.exception.JsonPathException: Failed to parse the JSON document
	at com.employeeapi.testCases.TC005_Delete_Employee_Record.deleteEmploye(TC005_Delete_Employee_Record.java:36)
Caused by: groovy.json.JsonException: Lexing failed on line: 1, column: 1, while reading '<', no possible valid JSON value or punctuation could be recognized.
	at com.employeeapi.testCases.TC005_Delete_Employee_Record.deleteEmploye(TC005_Delete_Employee_Record.java:36)
]]></failure>
    <system-out><![CDATA[2023-04-28 10:25:47  INFO EmployeesRestAPI:118 - ************* Finished TC004_Put_Employee_Record ************
2023-04-28 10:25:47  INFO EmployeesRestAPI:25 - ************* Started TC005_Delete_Employee_Record ************
]]></system-out>
  </testcase>
  <testcase name="checkContentLength" classname="com.employeeapi.testCases.TC005_Delete_Employee_Record" time="0">
    <skipped message="Failed to parse the JSON document"/>
  </testcase>
  <testcase name="checkContentType" classname="com.employeeapi.testCases.TC005_Delete_Employee_Record" time="0">
    <skipped message="Failed to parse the JSON document"/>
  </testcase>
  <testcase name="checkResponseBody" classname="com.employeeapi.testCases.TC005_Delete_Employee_Record" time="0">
    <skipped message="Failed to parse the JSON document"/>
  </testcase>
  <testcase name="checkResponseTime" classname="com.employeeapi.testCases.TC005_Delete_Employee_Record" time="0">
    <skipped message="Failed to parse the JSON document"/>
  </testcase>
  <testcase name="checkServerType" classname="com.employeeapi.testCases.TC005_Delete_Employee_Record" time="0">
    <skipped message="Failed to parse the JSON document"/>
  </testcase>
  <testcase name="checkStatusCode" classname="com.employeeapi.testCases.TC005_Delete_Employee_Record" time="0">
    <skipped message="Failed to parse the JSON document"/>
  </testcase>
  <testcase name="checkStatusLine" classname="com.employeeapi.testCases.TC005_Delete_Employee_Record" time="0">
    <skipped message="Failed to parse the JSON document"/>
  </testcase>
  <testcase name="tearDown" classname="com.employeeapi.testCases.TC005_Delete_Employee_Record" time="0">
    <skipped/>
  </testcase>
</testsuite>